info t=2016-11-04T03:38:11.976Z Cinnamon.AppSystem.get_default() started in 239 ms
info t=2016-11-04T03:38:11.981Z loading user theme: /usr/share/themes/Linux Mint/cinnamon/cinnamon.css
info t=2016-11-04T03:38:12.002Z added icon directory: /usr/share/themes/Linux Mint/cinnamon
info t=2016-11-04T03:38:12.074Z PlacesManager: Updating devices
info t=2016-11-04T03:38:12.094Z loaded at Fri Nov 04 2016 00:38:12 GMT-0300 (BRT)
info t=2016-11-04T03:38:12.478Z Loaded applet menu@cinnamon.org in 382 ms
info t=2016-11-04T03:38:12.485Z Loaded applet show-desktop@cinnamon.org in 6 ms
info t=2016-11-04T03:38:12.514Z Role locked: panellauncher
info t=2016-11-04T03:38:12.514Z Loaded applet panel-launchers@cinnamon.org in 28 ms
info t=2016-11-04T03:38:12.526Z Loaded applet window-list@cinnamon.org in 11 ms
info t=2016-11-04T03:38:12.536Z Role locked: notifications
info t=2016-11-04T03:38:12.540Z Loaded applet notifications@cinnamon.org in 13 ms
info t=2016-11-04T03:38:12.563Z Loaded applet user@cinnamon.org in 22 ms
info t=2016-11-04T03:38:12.573Z Loaded applet removable-drives@cinnamon.org in 9 ms
info t=2016-11-04T03:38:12.612Z Loaded applet keyboard@cinnamon.org in 38 ms
info t=2016-11-04T03:38:12.694Z Loaded applet network@cinnamon.org in 80 ms
info t=2016-11-04T03:38:12.729Z Loaded applet sound@cinnamon.org in 33 ms
info t=2016-11-04T03:38:12.746Z Loaded applet power@cinnamon.org in 16 ms
info t=2016-11-04T03:38:12.756Z Loaded applet systray@cinnamon.org in 9 ms
info t=2016-11-04T03:38:12.775Z Loaded applet calendar@cinnamon.org in 18 ms
info t=2016-11-04T03:38:12.784Z Loaded applet windows-quick-list@cinnamon.org in 7 ms
info t=2016-11-04T03:38:12.784Z AppletManager.init() started in 690 ms
info t=2016-11-04T03:38:12.787Z Cinnamon took 1063 ms to start
info t=2016-11-04T03:38:13.289Z Hiding systray: network
info t=2016-11-04T03:38:13.291Z Adding systray: blueberry-tray.py (24x24px)
info t=2016-11-04T03:38:31.941Z Adding systray: mintupdate.py (24x24px)
info t=2016-11-04T03:38:41.518Z PlacesManager: Updating devices
info t=2016-11-04T03:39:22.907Z Hiding systray: network
info t=2016-11-04T03:39:22.910Z Adding systray: blueberry-tray.py (24x24px)
info t=2016-11-04T03:39:22.913Z Adding systray: mintupdate.py (24x24px)
info t=2016-11-04T03:39:22.931Z Hiding systray: network
info t=2016-11-04T03:39:22.934Z Adding systray: blueberry-tray.py (24x24px)
info t=2016-11-04T03:39:22.937Z Adding systray: mintupdate.py (24x24px)
info t=2016-11-04T03:39:23.135Z loading user theme: /usr/share/themes/Linux Mint/cinnamon/cinnamon.css
info t=2016-11-04T03:39:23.259Z added icon directory: /usr/share/themes/Linux Mint/cinnamon
info t=2016-11-04T03:39:23.263Z BackgroundManager: org.gnome.desktop.background changed!
info t=2016-11-04T03:39:23.264Z BackgroundManager: org.gnome.desktop.background changed!
info t=2016-11-04T03:39:23.266Z BackgroundManager: org.gnome.desktop.background changed!
info t=2016-11-04T03:39:23.267Z BackgroundManager: org.gnome.desktop.background changed!
info t=2016-11-04T03:39:23.268Z BackgroundManager: org.gnome.desktop.background changed!
info t=2016-11-04T03:39:23.270Z BackgroundManager: org.gnome.desktop.background changed!
info t=2016-11-04T03:39:23.271Z BackgroundManager: org.gnome.desktop.background changed!
info t=2016-11-04T03:39:23.272Z BackgroundManager: org.gnome.desktop.background changed!
info t=2016-11-04T03:45:01.753Z Loaded applet sshlauncher@sotiwin in 79 ms
info t=2016-11-04T03:45:01.757Z Hiding systray: network
info t=2016-11-04T03:45:01.760Z Adding systray: blueberry-tray.py (24x24px)
info t=2016-11-04T03:45:01.763Z Adding systray: mintupdate.py (24x24px)
info t=2016-11-04T12:18:04.127Z Hiding systray: network
info t=2016-11-04T12:18:04.128Z Adding systray: blueberry-tray.py (24x24px)
info t=2016-11-04T12:18:04.129Z Adding systray: mintupdate.py (24x24px)
